<?xml version="1.0" encoding="utf-8"?>
<TestRun id="2e73208f-7bb5-4cda-a0ee-4df673049b48" name="julia@JULP 2026-09-08 22:42:30" runUser="JULP\julia" xmlns="http://microsoft.com/schemas/VisualStudio/TeamTest/2010">
  <Times creation="2026-09-08T22:42:30.0667690+02:00" queuing="2026-09-08T22:42:30.0667690+02:00" start="2026-09-08T22:42:27.0095294+02:00" finish="2026-09-08T22:42:35.9872368+02:00" />
  <TestSettings name="default" id="737ce611-8c68-45dc-a355-59d22195d9ad">
    <Deployment runDeploymentRoot="julia_JULP_2026-09-08_22_42_30" />
  </TestSettings>
  <Results>
    <UnitTestResult executionId="18bf01bf-2db2-45b4-a105-282596137a44" testId="6ec0d0a7-2ab2-1354-70dd-b30bae331203" testName="ResetTest" computerName="JULP" duration="00:00:00.6149022" startTime="2026-09-08T22:42:29.3461570+02:00" endTime="2026-09-08T22:42:29.9624723+02:00" testType="13cdc9d9-ddb5-4fa4-a97d-d965ccfc6d4b" outcome="Failed" testListId="8c84fa94-04c1-424b-9868-57a2d4851a1d" relativeResultsDirectory="18bf01bf-2db2-45b4-a105-282596137a44">
      <Output>
        <ErrorInfo>
          <Message>Test method TabularEditor.TOMWrapper.ObjectHandlingTests.ResetTest threw exception: &#xD;
System.TypeInitializationException: The type initializer for 'TOMWrapperTest.Constants' threw an exception. ---&gt; Microsoft.VisualStudio.TestTools.UnitTesting.AssertFailedException: Assert.Fail failed. Test Server not specified. Please set environment variable TE_TestServer with the connection string of the AS engine server to use for testing</Message>
          <StackTrace>   at TOMWrapperTest.Constants.GetServerName() in D:\PROJ\TabularEditor_J\TOMWrapperTest\Constants.cs:line 16&#xD;
   at TOMWrapperTest.Constants..cctor() in D:\PROJ\TabularEditor_J\TOMWrapperTest\Constants.cs:line 12&#xD;
--- End of inner exception stack trace ---&#xD;
    at TabularEditor.TOMWrapper.ObjectHandlingTests.ResetAndConnect() in D:\PROJ\TabularEditor_J\TOMWrapperTest\ObjectHandlingTests.cs:line 154&#xD;
   at TabularEditor.TOMWrapper.ObjectHandlingTests.ResetTest() in D:\PROJ\TabularEditor_J\TOMWrapperTest\ObjectHandlingTests.cs:line 163&#xD;
</StackTrace>
        </ErrorInfo>
      </Output>
    </UnitTestResult>
    <UnitTestResult executionId="c055c0a5-1540-4fb7-a9ad-ddc886b43f6b" testId="801cf249-ab2e-9b48-692f-774275512ff9" testName="UndoDeleteSortByColumnTest" computerName="JULP" duration="00:00:00.0026782" startTime="2026-09-08T22:42:30.0552481+02:00" endTime="2026-09-08T22:42:30.0577568+02:00" testType="13cdc9d9-ddb5-4fa4-a97d-d965ccfc6d4b" outcome="Passed" testListId="8c84fa94-04c1-424b-9868-57a2d4851a1d" relativeResultsDirectory="c055c0a5-1540-4fb7-a9ad-ddc886b43f6b" />
    <UnitTestResult executionId="50544073-3f50-42b5-86dd-24b0f4008090" testId="72eed88b-9542-ecee-5406-a5c5d6613340" testName="UndoRedoCopyCultureTest" computerName="JULP" duration="00:00:00.0104009" startTime="2026-09-08T22:42:30.0342025+02:00" endTime="2026-09-08T22:42:30.0457205+02:00" testType="13cdc9d9-ddb5-4fa4-a97d-d965ccfc6d4b" outcome="Passed" testListId="8c84fa94-04c1-424b-9868-57a2d4851a1d" relativeResultsDirectory="50544073-3f50-42b5-86dd-24b0f4008090" />
    <UnitTestResult executionId="bff94393-d4f9-4b72-ab24-bfa5d0c56732" testId="498b9a28-5681-4323-57ae-882e59aba79b" testName="DeleteTableTest" computerName="JULP" duration="00:00:00.0297991" startTime="2026-09-08T22:42:29.9624723+02:00" endTime="2026-09-08T22:42:29.9925675+02:00" testType="13cdc9d9-ddb5-4fa4-a97d-d965ccfc6d4b" outcome="Failed" testListId="8c84fa94-04c1-424b-9868-57a2d4851a1d" relativeResultsDirectory="bff94393-d4f9-4b72-ab24-bfa5d0c56732">
      <Output>
        <ErrorInfo>
          <Message>Test method TabularEditor.TOMWrapper.ObjectHandlingTests.DeleteTableTest threw exception: &#xD;
System.TypeInitializationException: The type initializer for 'TOMWrapperTest.Constants' threw an exception. ---&gt; Microsoft.VisualStudio.TestTools.UnitTesting.AssertFailedException: Assert.Fail failed. Test Server not specified. Please set environment variable TE_TestServer with the connection string of the AS engine server to use for testing</Message>
          <StackTrace>   at TOMWrapperTest.Constants.GetServerName() in D:\PROJ\TabularEditor_J\TOMWrapperTest\Constants.cs:line 16&#xD;
   at TOMWrapperTest.Constants..cctor() in D:\PROJ\TabularEditor_J\TOMWrapperTest\Constants.cs:line 12&#xD;
--- End of inner exception stack trace ---&#xD;
    at TabularEditor.TOMWrapper.ObjectHandlingTests.ResetAndConnect() in D:\PROJ\TabularEditor_J\TOMWrapperTest\ObjectHandlingTests.cs:line 154&#xD;
   at TabularEditor.TOMWrapper.ObjectHandlingTests.DeleteTableTest() in D:\PROJ\TabularEditor_J\TOMWrapperTest\ObjectHandlingTests.cs:line 170&#xD;
</StackTrace>
        </ErrorInfo>
      </Output>
    </UnitTestResult>
    <UnitTestResult executionId="2b89963d-10ae-493a-bd43-b99fa90971d3" testId="f4d6b955-b83a-1d8a-6e1c-507f23e60456" testName="UndoRedoCopyPerspectiveTest" computerName="JULP" duration="00:00:00.0395819" startTime="2026-09-08T22:42:29.9945656+02:00" endTime="2026-09-08T22:42:30.0342025+02:00" testType="13cdc9d9-ddb5-4fa4-a97d-d965ccfc6d4b" outcome="Passed" testListId="8c84fa94-04c1-424b-9868-57a2d4851a1d" relativeResultsDirectory="2b89963d-10ae-493a-bd43-b99fa90971d3" />
    <UnitTestResult executionId="e85a530f-ebbd-49dd-afef-532b51d73f16" testId="d74ec14c-e432-4c0f-cf44-f144ba8e4c68" testName="TestUndoStackDepth" computerName="JULP" duration="00:00:00.0350031" startTime="2026-09-08T22:42:35.7782710+02:00" endTime="2026-09-08T22:42:35.8148709+02:00" testType="13cdc9d9-ddb5-4fa4-a97d-d965ccfc6d4b" outcome="Passed" testListId="8c84fa94-04c1-424b-9868-57a2d4851a1d" relativeResultsDirectory="e85a530f-ebbd-49dd-afef-532b51d73f16" />
    <UnitTestResult executionId="8915f81c-9687-4d81-8a5e-07efe3b2e911" testId="6ae515eb-67c7-6283-cf01-d5cb5e919b06" testName="HierarchyTest" computerName="JULP" duration="00:00:01.0836521" startTime="2026-09-08T22:42:27.7563538+02:00" endTime="2026-09-08T22:42:29.3189955+02:00" testType="13cdc9d9-ddb5-4fa4-a97d-d965ccfc6d4b" outcome="Passed" testListId="8c84fa94-04c1-424b-9868-57a2d4851a1d" relativeResultsDirectory="8915f81c-9687-4d81-8a5e-07efe3b2e911" />
    <UnitTestResult executionId="fdd53ec0-c33c-4866-80c1-26ea9d6984a7" testId="e6a4590a-c387-7de1-322b-9eb65d230e4b" testName="UndoDeleteColumnUsedAsLevelTest" computerName="JULP" duration="00:00:00.0093836" startTime="2026-09-08T22:42:30.0457205+02:00" endTime="2026-09-08T22:42:30.0552481+02:00" testType="13cdc9d9-ddb5-4fa4-a97d-d965ccfc6d4b" outcome="Passed" testListId="8c84fa94-04c1-424b-9868-57a2d4851a1d" relativeResultsDirectory="fdd53ec0-c33c-4866-80c1-26ea9d6984a7" />
    <UnitTestResult executionId="1edcc18d-3cb2-479d-97bb-b0c7702fb3ff" testId="7c90f13f-3d62-ca20-3992-4dce788f394d" testName="RecreateFromMetadataPerformanceTest" computerName="JULP" duration="00:00:05.7181779" startTime="2026-09-08T22:42:30.0587664+02:00" endTime="2026-09-08T22:42:35.7782710+02:00" testType="13cdc9d9-ddb5-4fa4-a97d-d965ccfc6d4b" outcome="Passed" testListId="8c84fa94-04c1-424b-9868-57a2d4851a1d" relativeResultsDirectory="1edcc18d-3cb2-479d-97bb-b0c7702fb3ff">
      <Output>
        <StdOut>5715</StdOut>
      </Output>
    </UnitTestResult>
    <UnitTestResult executionId="d815fd5a-c2c7-4226-8c66-a91591cb4cba" testId="50bd3786-bc94-3c30-dec6-9eb139cdb928" testName="BatchActionTest" computerName="JULP" duration="00:00:00.0016429" startTime="2026-09-08T22:42:29.9925675+02:00" endTime="2026-09-08T22:42:29.9945656+02:00" testType="13cdc9d9-ddb5-4fa4-a97d-d965ccfc6d4b" outcome="Failed" testListId="8c84fa94-04c1-424b-9868-57a2d4851a1d" relativeResultsDirectory="d815fd5a-c2c7-4226-8c66-a91591cb4cba">
      <Output>
        <ErrorInfo>
          <Message>Test method TabularEditor.TOMWrapper.Tests.UndoManagerTests.BatchActionTest threw exception: &#xD;
System.TypeInitializationException: The type initializer for 'TOMWrapperTest.Constants' threw an exception. ---&gt; Microsoft.VisualStudio.TestTools.UnitTesting.AssertFailedException: Assert.Fail failed. Test Server not specified. Please set environment variable TE_TestServer with the connection string of the AS engine server to use for testing</Message>
          <StackTrace>   at TOMWrapperTest.Constants.GetServerName() in D:\PROJ\TabularEditor_J\TOMWrapperTest\Constants.cs:line 16&#xD;
   at TOMWrapperTest.Constants..cctor() in D:\PROJ\TabularEditor_J\TOMWrapperTest\Constants.cs:line 12&#xD;
--- End of inner exception stack trace ---&#xD;
    at TabularEditor.TOMWrapper.Tests.UndoManagerTests.BatchActionTest() in D:\PROJ\TabularEditor_J\TOMWrapperTest\UndoManagerTests.cs:line 20&#xD;
</StackTrace>
        </ErrorInfo>
      </Output>
    </UnitTestResult>
    <UnitTestResult executionId="1765dc7c-fe41-4a7b-9885-5ea36c5e10fb" testId="17dd06c7-7f21-e091-869a-b72df98f9893" testName="HierarchyTest2" computerName="JULP" duration="00:00:00.0171393" startTime="2026-09-08T22:42:29.3286238+02:00" endTime="2026-09-08T22:42:29.3461570+02:00" testType="13cdc9d9-ddb5-4fa4-a97d-d965ccfc6d4b" outcome="Passed" testListId="8c84fa94-04c1-424b-9868-57a2d4851a1d" relativeResultsDirectory="1765dc7c-fe41-4a7b-9885-5ea36c5e10fb" />
  </Results>
  <TestDefinitions>
    <UnitTest name="HierarchyTest2" storage="d:\proj\tabulareditor_j\tomwrappertest\bin\release\tomwrappertest.dll" id="17dd06c7-7f21-e091-869a-b72df98f9893">
      <Execution id="1765dc7c-fe41-4a7b-9885-5ea36c5e10fb" />
      <TestMethod codeBase="D:\PROJ\TabularEditor_J\TOMWrapperTest\bin\Release\TOMWrapperTest.dll" adapterTypeName="executor://mstestadapter/v2" className="TabularEditor.TOMWrapper.ObjectHandlingTests" name="HierarchyTest2" />
    </UnitTest>
    <UnitTest name="RecreateFromMetadataPerformanceTest" storage="d:\proj\tabulareditor_j\tomwrappertest\bin\release\tomwrappertest.dll" id="7c90f13f-3d62-ca20-3992-4dce788f394d">
      <Execution id="1edcc18d-3cb2-479d-97bb-b0c7702fb3ff" />
      <TestMethod codeBase="D:\PROJ\TabularEditor_J\TOMWrapperTest\bin\Release\TOMWrapperTest.dll" adapterTypeName="executor://mstestadapter/v2" className="TabularEditor.TOMWrapper.Tests.UndoManagerTests" name="RecreateFromMetadataPerformanceTest" />
    </UnitTest>
    <UnitTest name="BatchActionTest" storage="d:\proj\tabulareditor_j\tomwrappertest\bin\release\tomwrappertest.dll" id="50bd3786-bc94-3c30-dec6-9eb139cdb928">
      <Execution id="d815fd5a-c2c7-4226-8c66-a91591cb4cba" />
      <TestMethod codeBase="D:\PROJ\TabularEditor_J\TOMWrapperTest\bin\Release\TOMWrapperTest.dll" adapterTypeName="executor://mstestadapter/v2" className="TabularEditor.TOMWrapper.Tests.UndoManagerTests" name="BatchActionTest" />
    </UnitTest>
    <UnitTest name="UndoDeleteColumnUsedAsLevelTest" storage="d:\proj\tabulareditor_j\tomwrappertest\bin\release\tomwrappertest.dll" id="e6a4590a-c387-7de1-322b-9eb65d230e4b">
      <Execution id="fdd53ec0-c33c-4866-80c1-26ea9d6984a7" />
      <TestMethod codeBase="D:\PROJ\TabularEditor_J\TOMWrapperTest\bin\Release\TOMWrapperTest.dll" adapterTypeName="executor://mstestadapter/v2" className="TabularEditor.TOMWrapper.Tests.UndoManagerTests" name="UndoDeleteColumnUsedAsLevelTest" />
    </UnitTest>
    <UnitTest name="ResetTest" storage="d:\proj\tabulareditor_j\tomwrappertest\bin\release\tomwrappertest.dll" id="6ec0d0a7-2ab2-1354-70dd-b30bae331203">
      <Execution id="18bf01bf-2db2-45b4-a105-282596137a44" />
      <TestMethod codeBase="D:\PROJ\TabularEditor_J\TOMWrapperTest\bin\Release\TOMWrapperTest.dll" adapterTypeName="executor://mstestadapter/v2" className="TabularEditor.TOMWrapper.ObjectHandlingTests" name="ResetTest" />
    </UnitTest>
    <UnitTest name="UndoDeleteSortByColumnTest" storage="d:\proj\tabulareditor_j\tomwrappertest\bin\release\tomwrappertest.dll" id="801cf249-ab2e-9b48-692f-774275512ff9">
      <Execution id="c055c0a5-1540-4fb7-a9ad-ddc886b43f6b" />
      <TestMethod codeBase="D:\PROJ\TabularEditor_J\TOMWrapperTest\bin\Release\TOMWrapperTest.dll" adapterTypeName="executor://mstestadapter/v2" className="TabularEditor.TOMWrapper.Tests.UndoManagerTests" name="UndoDeleteSortByColumnTest" />
    </UnitTest>
    <UnitTest name="DeleteTableTest" storage="d:\proj\tabulareditor_j\tomwrappertest\bin\release\tomwrappertest.dll" id="498b9a28-5681-4323-57ae-882e59aba79b">
      <Execution id="bff94393-d4f9-4b72-ab24-bfa5d0c56732" />
      <TestMethod codeBase="D:\PROJ\TabularEditor_J\TOMWrapperTest\bin\Release\TOMWrapperTest.dll" adapterTypeName="executor://mstestadapter/v2" className="TabularEditor.TOMWrapper.ObjectHandlingTests" name="DeleteTableTest" />
    </UnitTest>
    <UnitTest name="TestUndoStackDepth" storage="d:\proj\tabulareditor_j\tomwrappertest\bin\release\tomwrappertest.dll" id="d74ec14c-e432-4c0f-cf44-f144ba8e4c68">
      <Execution id="e85a530f-ebbd-49dd-afef-532b51d73f16" />
      <TestMethod codeBase="D:\PROJ\TabularEditor_J\TOMWrapperTest\bin\Release\TOMWrapperTest.dll" adapterTypeName="executor://mstestadapter/v2" className="TabularEditor.TOMWrapper.Tests.UndoManagerTests" name="TestUndoStackDepth" />
    </UnitTest>
    <UnitTest name="UndoRedoCopyCultureTest" storage="d:\proj\tabulareditor_j\tomwrappertest\bin\release\tomwrappertest.dll" id="72eed88b-9542-ecee-5406-a5c5d6613340">
      <Execution id="50544073-3f50-42b5-86dd-24b0f4008090" />
      <TestMethod codeBase="D:\PROJ\TabularEditor_J\TOMWrapperTest\bin\Release\TOMWrapperTest.dll" adapterTypeName="executor://mstestadapter/v2" className="TabularEditor.TOMWrapper.Tests.UndoManagerTests" name="UndoRedoCopyCultureTest" />
    </UnitTest>
    <UnitTest name="UndoRedoCopyPerspectiveTest" storage="d:\proj\tabulareditor_j\tomwrappertest\bin\release\tomwrappertest.dll" id="f4d6b955-b83a-1d8a-6e1c-507f23e60456">
      <Execution id="2b89963d-10ae-493a-bd43-b99fa90971d3" />
      <TestMethod codeBase="D:\PROJ\TabularEditor_J\TOMWrapperTest\bin\Release\TOMWrapperTest.dll" adapterTypeName="executor://mstestadapter/v2" className="TabularEditor.TOMWrapper.Tests.UndoManagerTests" name="UndoRedoCopyPerspectiveTest" />
    </UnitTest>
    <UnitTest name="HierarchyTest" storage="d:\proj\tabulareditor_j\tomwrappertest\bin\release\tomwrappertest.dll" id="6ae515eb-67c7-6283-cf01-d5cb5e919b06">
      <Execution id="8915f81c-9687-4d81-8a5e-07efe3b2e911" />
      <TestMethod codeBase="D:\PROJ\TabularEditor_J\TOMWrapperTest\bin\Release\TOMWrapperTest.dll" adapterTypeName="executor://mstestadapter/v2" className="TabularEditor.TOMWrapper.ObjectHandlingTests" name="HierarchyTest" />
    </UnitTest>
  </TestDefinitions>
  <TestEntries>
    <TestEntry testId="6ec0d0a7-2ab2-1354-70dd-b30bae331203" executionId="18bf01bf-2db2-45b4-a105-282596137a44" testListId="8c84fa94-04c1-424b-9868-57a2d4851a1d" />
    <TestEntry testId="801cf249-ab2e-9b48-692f-774275512ff9" executionId="c055c0a5-1540-4fb7-a9ad-ddc886b43f6b" testListId="8c84fa94-04c1-424b-9868-57a2d4851a1d" />
    <TestEntry testId="72eed88b-9542-ecee-5406-a5c5d6613340" executionId="50544073-3f50-42b5-86dd-24b0f4008090" testListId="8c84fa94-04c1-424b-9868-57a2d4851a1d" />
    <TestEntry testId="498b9a28-5681-4323-57ae-882e59aba79b" executionId="bff94393-d4f9-4b72-ab24-bfa5d0c56732" testListId="8c84fa94-04c1-424b-9868-57a2d4851a1d" />
    <TestEntry testId="f4d6b955-b83a-1d8a-6e1c-507f23e60456" executionId="2b89963d-10ae-493a-bd43-b99fa90971d3" testListId="8c84fa94-04c1-424b-9868-57a2d4851a1d" />
    <TestEntry testId="d74ec14c-e432-4c0f-cf44-f144ba8e4c68" executionId="e85a530f-ebbd-49dd-afef-532b51d73f16" testListId="8c84fa94-04c1-424b-9868-57a2d4851a1d" />
    <TestEntry testId="6ae515eb-67c7-6283-cf01-d5cb5e919b06" executionId="8915f81c-9687-4d81-8a5e-07efe3b2e911" testListId="8c84fa94-04c1-424b-9868-57a2d4851a1d" />
    <TestEntry testId="e6a4590a-c387-7de1-322b-9eb65d230e4b" executionId="fdd53ec0-c33c-4866-80c1-26ea9d6984a7" testListId="8c84fa94-04c1-424b-9868-57a2d4851a1d" />
    <TestEntry testId="7c90f13f-3d62-ca20-3992-4dce788f394d" executionId="1edcc18d-3cb2-479d-97bb-b0c7702fb3ff" testListId="8c84fa94-04c1-424b-9868-57a2d4851a1d" />
    <TestEntry testId="50bd3786-bc94-3c30-dec6-9eb139cdb928" executionId="d815fd5a-c2c7-4226-8c66-a91591cb4cba" testListId="8c84fa94-04c1-424b-9868-57a2d4851a1d" />
    <TestEntry testId="17dd06c7-7f21-e091-869a-b72df98f9893" executionId="1765dc7c-fe41-4a7b-9885-5ea36c5e10fb" testListId="8c84fa94-04c1-424b-9868-57a2d4851a1d" />
  </TestEntries>
  <TestLists>
    <TestList name="Results Not in a List" id="8c84fa94-04c1-424b-9868-57a2d4851a1d" />
    <TestList name="All Loaded Results" id="19431567-8539-422a-85d7-44ee4e166bda" />
  </TestLists>
  <ResultSummary outcome="Failed">
    <Counters total="11" executed="11" passed="8" failed="3" error="0" timeout="0" aborted="0" inconclusive="0" passedButRunAborted="0" notRunnable="0" notExecuted="0" disconnected="0" warning="0" completed="0" inProgress="0" pending="0" />
  </ResultSummary>
</TestRun>